<?xml version="1.0" encoding="UTF-8"?>
<testsuite name="com.example.demo.TestServiceTest" tests="3" skipped="0" failures="0" errors="0" timestamp="2024-09-10T13:32:26" hostname="Sheonui-MacBookPro.local" time="0.016">
  <properties/>
  <testcase name="test1()" classname="com.example.demo.TestServiceTest" time="0.012"/>
  <testcase name="test2()" classname="com.example.demo.TestServiceTest" time="0.001"/>
  <testcase name="test3()" classname="com.example.demo.TestServiceTest" time="0.002"/>
  <system-out><![CDATA[

]]></system-out>
  <system-err><![CDATA[]]></system-err>
</testsuite>
